# JRE version: Java(TM) SE Runtime Environment (8.0_45-b15) (build 1.8.0_45-b15)
# Java VM: Java HotSpot(TM) 64-Bit Server VM (25.45-b02 mixed mode windows-amd64 compressed oops)
Heap:
 PSYoungGen      total 136704K, used 59936K [0x00000000e0000000, 0x00000000ea700000, 0x0000000100000000)
  eden space 129024K, 40% used [0x00000000e0000000,0x00000000e333e370,0x00000000e7e00000)
  from space 7680K, 97% used [0x00000000e9f80000,0x00000000ea6c9e40,0x00000000ea700000)
  to   space 13824K, 0% used [0x00000000e8c00000,0x00000000e8c00000,0x00000000e9980000)
 ParOldGen       total 112128K, used 53894K [0x00000000a0000000, 0x00000000a6d80000, 0x00000000e0000000)
  object space 112128K, 48% used [0x00000000a0000000,0x00000000a34a1a08,0x00000000a6d80000)
 Metaspace       used 64934K, capacity 67734K, committed 67880K, reserved 1107968K
  class space    used 8576K, capacity 9226K, committed 9264K, reserved 1048576K
GC Heap History (10 events):
Event: 37.331 GC heap before
{Heap before GC invocations=19 (full 2):
 PSYoungGen      total 126976K, used 36334K [0x00000000e0000000, 0x00000000e8700000, 0x0000000100000000)
  eden space 116736K, 23% used [0x00000000e0000000,0x00000000e1b59bc8,0x00000000e7200000)
  from space 10240K, 81% used [0x00000000e7d00000,0x00000000e8521cb8,0x00000000e8700000)
  to   space 10752K, 0% used [0x00000000e7200000,0x00000000e7200000,0x00000000e7c80000)
 ParOldGen       total 70656K, used 28365K [0x00000000a0000000, 0x00000000a4500000, 0x00000000e0000000)
  object space 70656K, 40% used [0x00000000a0000000,0x00000000a1bb34f0,0x00000000a4500000)
 Metaspace       used 57242K, capacity 59034K, committed 59160K, reserved 1099776K
  class space    used 7908K, capacity 8346K, committed 8368K, reserved 1048576K
Event: 37.347 GC heap after
Heap after GC invocations=19 (full 2):
 PSYoungGen      total 127488K, used 7012K [0x00000000e0000000, 0x00000000e9e80000, 0x0000000100000000)
  eden space 116736K, 0% used [0x00000000e0000000,0x00000000e0000000,0x00000000e7200000)
  from space 10752K, 65% used [0x00000000e7200000,0x00000000e78d9050,0x00000000e7c80000)
  to   space 10752K, 0% used [0x00000000e9400000,0x00000000e9400000,0x00000000e9e80000)
 ParOldGen       total 70656K, used 34060K [0x00000000a0000000, 0x00000000a4500000, 0x00000000e0000000)
  object space 70656K, 48% used [0x00000000a0000000,0x00000000a21433e0,0x00000000a4500000)
 Metaspace       used 57242K, capacity 59034K, committed 59160K, reserved 1099776K
  class space    used 7908K, capacity 8346K, committed 8368K, reserved 1048576K
}
Event: 37.347 GC heap before
{Heap before GC invocations=20 (full 3):
 PSYoungGen      total 127488K, used 7012K [0x00000000e0000000, 0x00000000e9e80000, 0x0000000100000000)
  eden space 116736K, 0% used [0x00000000e0000000,0x00000000e0000000,0x00000000e7200000)
  from space 10752K, 65% used [0x00000000e7200000,0x00000000e78d9050,0x00000000e7c80000)
  to   space 10752K, 0% used [0x00000000e9400000,0x00000000e9400000,0x00000000e9e80000)
 ParOldGen       total 70656K, used 34060K [0x00000000a0000000, 0x00000000a4500000, 0x00000000e0000000)
  object space 70656K, 48% used [0x00000000a0000000,0x00000000a21433e0,0x00000000a4500000)
 Metaspace       used 57242K, capacity 59034K, committed 59160K, reserved 1099776K
  class space    used 7908K, capacity 8346K, committed 8368K, reserved 1048576K
Event: 37.639 GC heap after
Heap after GC invocations=20 (full 3):
 PSYoungGen      total 127488K, used 0K [0x00000000e0000000, 0x00000000e9e80000, 0x0000000100000000)
  eden space 116736K, 0% used [0x00000000e0000000,0x00000000e0000000,0x00000000e7200000)
  from space 10752K, 0% used [0x00000000e7200000,0x00000000e7200000,0x00000000e7c80000)
  to   space 10752K, 0% used [0x00000000e9400000,0x00000000e9400000,0x00000000e9e80000)
 ParOldGen       total 112128K, used 36191K [0x00000000a0000000, 0x00000000a6d80000, 0x00000000e0000000)
  object space 112128K, 32% used [0x00000000a0000000,0x00000000a2357e98,0x00000000a6d80000)
 Metaspace       used 57242K, capacity 59034K, committed 59160K, reserved 1099776K
  class space    used 7908K, capacity 8346K, committed 8368K, reserved 1048576K
}
Event: 178.474 GC heap before
{Heap before GC invocations=21 (full 3):
 PSYoungGen      total 127488K, used 116736K [0x00000000e0000000, 0x00000000e9e80000, 0x0000000100000000)
  eden space 116736K, 100% used [0x00000000e0000000,0x00000000e7200000,0x00000000e7200000)
  from space 10752K, 0% used [0x00000000e7200000,0x00000000e7200000,0x00000000e7c80000)
  to   space 10752K, 0% used [0x00000000e9400000,0x00000000e9400000,0x00000000e9e80000)
 ParOldGen       total 112128K, used 36191K [0x00000000a0000000, 0x00000000a6d80000, 0x00000000e0000000)
  object space 112128K, 32% used [0x00000000a0000000,0x00000000a2357e98,0x00000000a6d80000)
 Metaspace       used 63084K, capacity 65400K, committed 65704K, reserved 1105920K
  class space    used 8514K, capacity 9077K, committed 9136K, reserved 1048576K
Event: 178.504 GC heap after
Heap after GC invocations=21 (full 3):
 PSYoungGen      total 143872K, used 10730K [0x00000000e0000000, 0x00000000e9f00000, 0x0000000100000000)
  eden space 133120K, 0% used [0x00000000e0000000,0x00000000e0000000,0x00000000e8200000)
  from space 10752K, 99% used [0x00000000e9400000,0x00000000e9e7a920,0x00000000e9e80000)
  to   space 14848K, 0% used [0x00000000e8200000,0x00000000e8200000,0x00000000e9080000)
 ParOldGen       total 112128K, used 43697K [0x00000000a0000000, 0x00000000a6d80000, 0x00000000e0000000)
  object space 112128K, 38% used [0x00000000a0000000,0x00000000a2aac718,0x00000000a6d80000)
 Metaspace       used 63084K, capacity 65400K, committed 65704K, reserved 1105920K
  class space    used 8514K, capacity 9077K, committed 9136K, reserved 1048576K
}
Event: 285.035 GC heap before
{Heap before GC invocations=22 (full 3):
 PSYoungGen      total 143872K, used 143850K [0x00000000e0000000, 0x00000000e9f00000, 0x0000000100000000)
  eden space 133120K, 100% used [0x00000000e0000000,0x00000000e8200000,0x00000000e8200000)
  from space 10752K, 99% used [0x00000000e9400000,0x00000000e9e7a920,0x00000000e9e80000)
  to   space 14848K, 0% used [0x00000000e8200000,0x00000000e8200000,0x00000000e9080000)
 ParOldGen       total 112128K, used 43697K [0x00000000a0000000, 0x00000000a6d80000, 0x00000000e0000000)
  object space 112128K, 38% used [0x00000000a0000000,0x00000000a2aac718,0x00000000a6d80000)
 Metaspace       used 63940K, capacity 66478K, committed 66856K, reserved 1107968K
  class space    used 8538K, capacity 9138K, committed 9264K, reserved 1048576K
Event: 285.055 GC heap after
Heap after GC invocations=22 (full 3):
 PSYoungGen      total 147968K, used 4935K [0x00000000e0000000, 0x00000000eae00000, 0x0000000100000000)
  eden space 133120K, 0% used [0x00000000e0000000,0x00000000e0000000,0x00000000e8200000)
  from space 14848K, 33% used [0x00000000e8200000,0x00000000e86d1e40,0x00000000e9080000)
  to   space 14848K, 0% used [0x00000000e9f80000,0x00000000e9f80000,0x00000000eae00000)
 ParOldGen       total 112128K, used 53886K [0x00000000a0000000, 0x00000000a6d80000, 0x00000000e0000000)
  object space 112128K, 48% used [0x00000000a0000000,0x00000000a349fa08,0x00000000a6d80000)
 Metaspace       used 63940K, capacity 66478K, committed 66856K, reserved 1107968K
  class space    used 8538K, capacity 9138K, committed 9264K, reserved 1048576K
}
Event: 319.910 GC heap before
{Heap before GC invocations=23 (full 3):
 PSYoungGen      total 147968K, used 138055K [0x00000000e0000000, 0x00000000eae00000, 0x0000000100000000)
  eden space 133120K, 100% used [0x00000000e0000000,0x00000000e8200000,0x00000000e8200000)
  from space 14848K, 33% used [0x00000000e8200000,0x00000000e86d1e40,0x00000000e9080000)
  to   space 14848K, 0% used [0x00000000e9f80000,0x00000000e9f80000,0x00000000eae00000)
 ParOldGen       total 112128K, used 53886K [0x00000000a0000000, 0x00000000a6d80000, 0x00000000e0000000)
  object space 112128K, 48% used [0x00000000a0000000,0x00000000a349fa08,0x00000000a6d80000)
 Metaspace       used 64695K, capacity 67520K, committed 67624K, reserved 1107968K
  class space    used 8563K, capacity 9203K, committed 9264K, reserved 1048576K
Event: 319.926 GC heap after
Heap after GC invocations=23 (full 3):
 PSYoungGen      total 136704K, used 7463K [0x00000000e0000000, 0x00000000ea700000, 0x0000000100000000)
  eden space 129024K, 0% used [0x00000000e0000000,0x00000000e0000000,0x00000000e7e00000)
  from space 7680K, 97% used [0x00000000e9f80000,0x00000000ea6c9e40,0x00000000ea700000)
  to   space 13824K, 0% used [0x00000000e8c00000,0x00000000e8c00000,0x00000000e9980000)
 ParOldGen       total 112128K, used 53894K [0x00000000a0000000, 0x00000000a6d80000, 0x00000000e0000000)
  object space 112128K, 48% used [0x00000000a0000000,0x00000000a34a1a08,0x00000000a6d80000)
 Metaspace       used 64695K, capacity 67520K, committed 67624K, reserved 1107968K
  class space    used 8563K, capacity 9203K, committed 9264K, reserved 1048576K
}

